{"name":"hexo","hostname":"zhao-PC","pid":1044,"level":20,"msg":"Writing database to F:\\gitRepository\\zhao_Blog\\blog/db.json","time":"2019-10-23T14:45:56.304Z","v":0}
{"name":"hexo","hostname":"zhao-PC","pid":1044,"level":20,"msg":"Hexo version: 4.0.0","time":"2019-10-23T14:45:56.337Z","v":0}
{"name":"hexo","hostname":"zhao-PC","pid":1044,"level":20,"msg":"Working directory: F:\\gitRepository\\zhao_Blog\\blog\\","time":"2019-10-23T14:45:56.338Z","v":0}
{"name":"hexo","hostname":"zhao-PC","pid":1044,"level":20,"msg":"Config loaded: F:\\gitRepository\\zhao_Blog\\blog\\_config.yml","time":"2019-10-23T14:45:56.573Z","v":0}
{"name":"hexo","hostname":"zhao-PC","pid":1044,"level":20,"msg":"Plugin loaded: hexo-deployer-git","time":"2019-10-23T14:45:56.618Z","v":0}
{"name":"hexo","hostname":"zhao-PC","pid":1044,"level":20,"msg":"Plugin loaded: hexo-generator-archive","time":"2019-10-23T14:45:56.621Z","v":0}
{"name":"hexo","hostname":"zhao-PC","pid":1044,"level":20,"msg":"Plugin loaded: hexo-generator-category","time":"2019-10-23T14:45:56.624Z","v":0}
{"name":"hexo","hostname":"zhao-PC","pid":1044,"level":20,"msg":"Plugin loaded: hexo-generator-index","time":"2019-10-23T14:45:56.628Z","v":0}
{"name":"hexo","hostname":"zhao-PC","pid":1044,"level":20,"msg":"Plugin loaded: hexo-generator-json-content","time":"2019-10-23T14:45:56.754Z","v":0}
{"name":"hexo","hostname":"zhao-PC","pid":1044,"level":20,"msg":"Plugin loaded: hexo-generator-tag","time":"2019-10-23T14:45:56.755Z","v":0}
{"name":"hexo","hostname":"zhao-PC","pid":1044,"level":20,"msg":"Plugin loaded: hexo-renderer-ejs","time":"2019-10-23T14:45:56.762Z","v":0}
{"name":"hexo","hostname":"zhao-PC","pid":1044,"level":20,"msg":"Plugin loaded: hexo-renderer-stylus","time":"2019-10-23T14:45:56.914Z","v":0}
{"name":"hexo","hostname":"zhao-PC","pid":1044,"level":20,"msg":"Plugin loaded: hexo-renderer-marked","time":"2019-10-23T14:45:56.969Z","v":0}
{"name":"hexo","hostname":"zhao-PC","pid":1044,"level":20,"msg":"Plugin loaded: hexo-server","time":"2019-10-23T14:45:57.074Z","v":0}
{"name":"hexo","hostname":"zhao-PC","pid":1044,"level":20,"msg":"Loading database.","time":"2019-10-23T14:45:57.085Z","v":0}
{"name":"hexo","hostname":"zhao-PC","pid":1044,"level":30,"msg":"Start processing","time":"2019-10-23T14:45:57.237Z","v":0}
{"name":"hexo","hostname":"zhao-PC","pid":1044,"level":20,"msg":"Processed: favicon.ico","time":"2019-10-23T14:45:57.261Z","v":0}
{"name":"hexo","hostname":"zhao-PC","pid":1044,"level":20,"msg":"Processed: _posts/git 笔记.md","time":"2019-10-23T14:45:57.270Z","v":0}
{"name":"hexo","hostname":"zhao-PC","pid":1044,"level":20,"msg":"Processed: _posts/git 问题解决记录.md","time":"2019-10-23T14:45:57.270Z","v":0}
{"name":"hexo","hostname":"zhao-PC","pid":1044,"level":20,"msg":"Processed: _posts/主页.md","time":"2019-10-23T14:45:57.273Z","v":0}
{"name":"hexo","hostname":"zhao-PC","pid":1044,"level":20,"msg":"Processed: assets/img/alipay.jpg","time":"2019-10-23T14:45:57.279Z","v":0}
{"name":"hexo","hostname":"zhao-PC","pid":1044,"level":20,"msg":"Processed: assets/img/qq.jpg","time":"2019-10-23T14:45:57.279Z","v":0}
{"name":"hexo","hostname":"zhao-PC","pid":1044,"level":20,"msg":"Processed: assets/img/weixin.jpg","time":"2019-10-23T14:45:57.279Z","v":0}
{"name":"hexo","hostname":"zhao-PC","pid":1044,"level":20,"msg":"Processed: assets/img/weixinpay.jpg","time":"2019-10-23T14:45:57.279Z","v":0}
{"name":"hexo","hostname":"zhao-PC","pid":1044,"level":20,"msg":"Processed: assets/img/zhaodahan.jpg","time":"2019-10-23T14:45:57.280Z","v":0}
{"name":"hexo","hostname":"zhao-PC","pid":1044,"level":20,"msg":"Generator: page","time":"2019-10-23T14:45:57.337Z","v":0}
{"name":"hexo","hostname":"zhao-PC","pid":1044,"level":20,"msg":"Generator: post","time":"2019-10-23T14:45:57.337Z","v":0}
{"name":"hexo","hostname":"zhao-PC","pid":1044,"level":20,"msg":"Generator: archive","time":"2019-10-23T14:45:57.337Z","v":0}
{"name":"hexo","hostname":"zhao-PC","pid":1044,"level":20,"msg":"Generator: category","time":"2019-10-23T14:45:57.337Z","v":0}
{"name":"hexo","hostname":"zhao-PC","pid":1044,"level":20,"msg":"Generator: index","time":"2019-10-23T14:45:57.337Z","v":0}
{"name":"hexo","hostname":"zhao-PC","pid":1044,"level":20,"msg":"Generator: json-content","time":"2019-10-23T14:45:57.337Z","v":0}
{"name":"hexo","hostname":"zhao-PC","pid":1044,"level":20,"msg":"Generator: tag","time":"2019-10-23T14:45:57.337Z","v":0}
{"name":"hexo","hostname":"zhao-PC","pid":1044,"level":20,"msg":"Generator: asset","time":"2019-10-23T14:45:57.338Z","v":0}
{"name":"hexo","hostname":"zhao-PC","pid":1044,"level":30,"msg":"Hexo is running at http://localhost:4000 . Press Ctrl+C to stop.","time":"2019-10-23T14:45:57.348Z","v":0}
{"name":"hexo","hostname":"zhao-PC","pid":1044,"level":20,"msg":"Database saved","time":"2019-10-23T14:45:57.358Z","v":0}
{"name":"hexo","hostname":"zhao-PC","pid":1044,"level":40,"msg":"No layout: index.html","time":"2019-10-23T14:46:06.432Z","v":0}
{"name":"hexo","hostname":"zhao-PC","pid":1044,"level":40,"msg":"No layout: index.html","time":"2019-10-23T14:46:07.473Z","v":0}
{"name":"hexo","hostname":"zhao-PC","pid":1044,"level":40,"msg":"No layout: index.html","time":"2019-10-23T14:46:09.343Z","v":0}
{"name":"hexo","hostname":"zhao-PC","pid":1044,"level":40,"msg":"No layout: index.html","time":"2019-10-23T14:46:09.570Z","v":0}
{"name":"hexo","hostname":"zhao-PC","pid":1044,"level":30,"msg":"Catch you later","time":"2019-10-23T14:46:15.361Z","v":0}
{"name":"hexo","hostname":"zhao-PC","pid":1044,"level":20,"msg":"Database saved","time":"2019-10-23T14:46:15.378Z","v":0}
